<?xml version="1.0" encoding="UTF-8"?>
<!-- Generated by org.testng.reporters.JUnitReportReporter -->
<testsuite hostname="INBook_X1" failures="0" tests="3" name="pom_Test_execution.Test_Execution" time="6.589" errors="0" timestamp="2024-08-26T19:20:13 IST" skipped="0">
  <testcase classname="pom_Test_execution.Test_Execution" name="loginscenario" time="4.775"/>
  <testcase classname="pom_Test_execution.Test_Execution" name="loginscenario" time="0.884"/>
  <testcase classname="pom_Test_execution.Test_Execution" name="loginscenario" time="0.930"/>
</testsuite> <!-- pom_Test_execution.Test_Execution -->
